Using pre-set license
Built from '2020.3/staging' branch; Version is '2020.3.30f1 (1fb1bf06830e) revision 2077119'; Using compiler version '192528614'; Build Type 'Release'
OS: 'Windows 10  (10.0.19044) 64bit Core' Language: 'en' Physical Memory: 32620 MB
BatchMode: 1, IsHumanControllingUs: 0, StartBugReporterOnCrash: 0, Is64bit: 1, IsPro: 0

COMMAND LINE ARGUMENTS:
C:\Program Files\Unity\Hub\Editor\2020.3.30f1\Editor\Unity.exe
-adb2
-batchMode
-noUpm
-name
AssetImportWorker0
-projectPath
C:/unity projects/AnimVFX2/AnimVFX2
-logFile
Logs/AssetImportWorker0.log
-srvPort
52072
Successfully changed project path to: C:/unity projects/AnimVFX2/AnimVFX2
C:/unity projects/AnimVFX2/AnimVFX2
Using Asset Import Pipeline V2.
Refreshing native plugins compatible for Editor in 68.82 ms, found 2 plugins.
Preloading 0 native plugins for Editor in 0.00 ms.
Initialize engine version: 2020.3.30f1 (1fb1bf06830e)
[Subsystems] Discovering subsystems at path C:/Program Files/Unity/Hub/Editor/2020.3.30f1/Editor/Data/Resources/UnitySubsystems
[Subsystems] Discovering subsystems at path C:/unity projects/AnimVFX2/AnimVFX2/Assets
GfxDevice: creating device client; threaded=0
Direct3D:
    Version:  Direct3D 11.0 [level 11.1]
    Renderer: NVIDIA GeForce RTX 3070 Laptop GPU (ID=0x24dd)
    Vendor:   
    VRAM:     8044 MB
    Driver:   30.0.15.1236
Initialize mono
Mono path[0] = 'C:/Program Files/Unity/Hub/Editor/2020.3.30f1/Editor/Data/Managed'
Mono path[1] = 'C:/Program Files/Unity/Hub/Editor/2020.3.30f1/Editor/Data/MonoBleedingEdge/lib/mono/unityjit'
Mono config path = 'C:/Program Files/Unity/Hub/Editor/2020.3.30f1/Editor/Data/MonoBleedingEdge/etc'
Using monoOptions --debugger-agent=transport=dt_socket,embedding=1,server=y,suspend=n,address=127.0.0.1:56016
Begin MonoManager ReloadAssembly
Registering precompiled unity dll's ...
Register platform support module: C:/Program Files/Unity/Hub/Editor/2020.3.30f1/Editor/Data/PlaybackEngines/WindowsStandaloneSupport/UnityEditor.WindowsStandalone.Extensions.dll
Registered in 0.001729 seconds.
Native extension for WindowsStandalone target not found
Refreshing native plugins compatible for Editor in 69.68 ms, found 2 plugins.
Preloading 0 native plugins for Editor in 0.00 ms.
Mono: successfully reloaded assembly
- Completed reload, in  0.472 seconds
Domain Reload Profiling:
	ReloadAssembly (472ms)
		BeginReloadAssembly (54ms)
			ExecutionOrderSort (0ms)
			DisableScriptedObjects (0ms)
			BackupInstance (0ms)
			ReleaseScriptingObjects (0ms)
			CreateAndSetChildDomain (1ms)
		EndReloadAssembly (364ms)
			LoadAssemblies (52ms)
			RebuildTransferFunctionScriptingTraits (0ms)
			SetupTypeCache (103ms)
			ReleaseScriptCaches (0ms)
			RebuildScriptCaches (19ms)
			SetupLoadedEditorAssemblies (166ms)
				LogAssemblyErrors (0ms)
				InitializePlatformSupportModulesInManaged (3ms)
				SetLoadedEditorAssemblies (0ms)
				RefreshPlugins (70ms)
				BeforeProcessingInitializeOnLoad (13ms)
				ProcessInitializeOnLoadAttributes (60ms)
				ProcessInitializeOnLoadMethodAttributes (20ms)
				AfterProcessingInitializeOnLoad (0ms)
				EditorAssembliesLoaded (0ms)
			ExecutionOrderSort2 (0ms)
			AwakeInstancesAfterBackupRestoration (0ms)
Platform modules already initialized, skipping
Registering precompiled user dll's ...
Registered in 0.003464 seconds.
Begin MonoManager ReloadAssembly
Native extension for WindowsStandalone target not found
Refreshing native plugins compatible for Editor in 74.70 ms, found 2 plugins.
Preloading 0 native plugins for Editor in 0.00 ms.
Mono: successfully reloaded assembly
- Completed reload, in  1.174 seconds
Domain Reload Profiling:
	ReloadAssembly (1175ms)
		BeginReloadAssembly (120ms)
			ExecutionOrderSort (0ms)
			DisableScriptedObjects (4ms)
			BackupInstance (0ms)
			ReleaseScriptingObjects (0ms)
			CreateAndSetChildDomain (17ms)
		EndReloadAssembly (1007ms)
			LoadAssemblies (89ms)
			RebuildTransferFunctionScriptingTraits (0ms)
			SetupTypeCache (264ms)
			ReleaseScriptCaches (1ms)
			RebuildScriptCaches (56ms)
			SetupLoadedEditorAssemblies (527ms)
				LogAssemblyErrors (0ms)
				InitializePlatformSupportModulesInManaged (3ms)
				SetLoadedEditorAssemblies (0ms)
				RefreshPlugins (75ms)
				BeforeProcessingInitializeOnLoad (84ms)
				ProcessInitializeOnLoadAttributes (242ms)
				ProcessInitializeOnLoadMethodAttributes (117ms)
				AfterProcessingInitializeOnLoad (6ms)
				EditorAssembliesLoaded (0ms)
			ExecutionOrderSort2 (0ms)
			AwakeInstancesAfterBackupRestoration (5ms)
Platform modules already initialized, skipping
========================================================================
Worker process is ready to serve import requests
Launched and connected shader compiler UnityShaderCompiler.exe after 0.03 seconds
Refreshing native plugins compatible for Editor in 1.43 ms, found 2 plugins.
Preloading 0 native plugins for Editor in 0.00 ms.
Unloading 4264 Unused Serialized files (Serialized files now loaded: 0)
System memory in use before: 199.1 MB.
System memory in use after: 199.3 MB.

Unloading 21 unused Assets to reduce memory usage. Loaded Objects now: 4718.
Total: 3.891200 ms (FindLiveObjects: 0.329500 ms CreateObjectMapping: 0.263500 ms MarkObjects: 3.236100 ms  DeleteObjects: 0.061500 ms)

AssetImportParameters requested are different than current active one (requested -> active):
  custom:framework-win-MediaFoundation: 216162199b28c13a410421893ffa2e32 -> 
  custom:video-decoder-ogg-theora: a1e56fd34408186e4bbccfd4996cb3dc -> 
  custom:container-muxer-webm: aa71ff27fc2769a1b78a27578f13a17b -> 
  custom:container-demuxer-webm: 4f35f7cbe854078d1ac9338744f61a02 -> 
  custom:container-demuxer-ogg: 62fdf1f143b41e24485cea50d1cbac27 -> 
  custom:video-encoder-webm-vp8: eb34c28f22e8b96e1ab97ce403110664 -> 
  custom:video-codec-MediaFoundation-h265: 746d11721c4dcdbdad8f713fa42b33f4 -> 
  custom:video-decoder-webm-vp8: 9c59270c3fd7afecdb556c50c9e8de78 -> 
  custom:audio-decoder-ogg-vorbis: bf7c407c2cedff20999df2af8eb42d56 -> 
  custom:audio-encoder-webm-vorbis: bf7c407c2cedff20999df2af8eb42d56 -> 
========================================================================
Received Prepare
Registering precompiled user dll's ...
Registered in 0.003506 seconds.
Begin MonoManager ReloadAssembly
Native extension for WindowsStandalone target not found
Refreshing native plugins compatible for Editor in 0.83 ms, found 2 plugins.
Preloading 0 native plugins for Editor in 0.00 ms.
Mono: successfully reloaded assembly
- Completed reload, in  1.004 seconds
Domain Reload Profiling:
	ReloadAssembly (1004ms)
		BeginReloadAssembly (116ms)
			ExecutionOrderSort (0ms)
			DisableScriptedObjects (4ms)
			BackupInstance (0ms)
			ReleaseScriptingObjects (0ms)
			CreateAndSetChildDomain (38ms)
		EndReloadAssembly (840ms)
			LoadAssemblies (85ms)
			RebuildTransferFunctionScriptingTraits (0ms)
			SetupTypeCache (266ms)
			ReleaseScriptCaches (2ms)
			RebuildScriptCaches (46ms)
			SetupLoadedEditorAssemblies (327ms)
				LogAssemblyErrors (0ms)
				InitializePlatformSupportModulesInManaged (3ms)
				SetLoadedEditorAssemblies (0ms)
				RefreshPlugins (1ms)
				BeforeProcessingInitializeOnLoad (79ms)
				ProcessInitializeOnLoadAttributes (228ms)
				ProcessInitializeOnLoadMethodAttributes (10ms)
				AfterProcessingInitializeOnLoad (6ms)
				EditorAssembliesLoaded (0ms)
			ExecutionOrderSort2 (0ms)
			AwakeInstancesAfterBackupRestoration (13ms)
Platform modules already initialized, skipping
Refreshing native plugins compatible for Editor in 0.86 ms, found 2 plugins.
Preloading 0 native plugins for Editor in 0.00 ms.
Unloading 3983 Unused Serialized files (Serialized files now loaded: 0)
System memory in use before: 184.4 MB.
System memory in use after: 184.7 MB.

Unloading 14 unused Assets to reduce memory usage. Loaded Objects now: 4720.
Total: 4.015800 ms (FindLiveObjects: 0.430800 ms CreateObjectMapping: 0.238700 ms MarkObjects: 3.322600 ms  DeleteObjects: 0.022600 ms)

AssetImportParameters requested are different than current active one (requested -> active):
  custom:framework-win-MediaFoundation: 216162199b28c13a410421893ffa2e32 -> 
  custom:video-decoder-ogg-theora: a1e56fd34408186e4bbccfd4996cb3dc -> 
  custom:container-muxer-webm: aa71ff27fc2769a1b78a27578f13a17b -> 
  custom:container-demuxer-webm: 4f35f7cbe854078d1ac9338744f61a02 -> 
  custom:container-demuxer-ogg: 62fdf1f143b41e24485cea50d1cbac27 -> 
  custom:video-encoder-webm-vp8: eb34c28f22e8b96e1ab97ce403110664 -> 
  custom:video-codec-MediaFoundation-h265: 746d11721c4dcdbdad8f713fa42b33f4 -> 
  custom:video-decoder-webm-vp8: 9c59270c3fd7afecdb556c50c9e8de78 -> 
  custom:audio-decoder-ogg-vorbis: bf7c407c2cedff20999df2af8eb42d56 -> 
  custom:audio-encoder-webm-vorbis: bf7c407c2cedff20999df2af8eb42d56 -> 
========================================================================
Received Prepare
Registering precompiled user dll's ...
Registered in 0.003449 seconds.
Begin MonoManager ReloadAssembly
Native extension for WindowsStandalone target not found
Refreshing native plugins compatible for Editor in 0.82 ms, found 2 plugins.
Preloading 0 native plugins for Editor in 0.00 ms.
Mono: successfully reloaded assembly
- Completed reload, in  1.007 seconds
Domain Reload Profiling:
	ReloadAssembly (1007ms)
		BeginReloadAssembly (111ms)
			ExecutionOrderSort (0ms)
			DisableScriptedObjects (4ms)
			BackupInstance (0ms)
			ReleaseScriptingObjects (0ms)
			CreateAndSetChildDomain (37ms)
		EndReloadAssembly (848ms)
			LoadAssemblies (86ms)
			RebuildTransferFunctionScriptingTraits (0ms)
			SetupTypeCache (266ms)
			ReleaseScriptCaches (2ms)
			RebuildScriptCaches (49ms)
			SetupLoadedEditorAssemblies (335ms)
				LogAssemblyErrors (0ms)
				InitializePlatformSupportModulesInManaged (3ms)
				SetLoadedEditorAssemblies (0ms)
				RefreshPlugins (1ms)
				BeforeProcessingInitializeOnLoad (80ms)
				ProcessInitializeOnLoadAttributes (234ms)
				ProcessInitializeOnLoadMethodAttributes (11ms)
				AfterProcessingInitializeOnLoad (6ms)
				EditorAssembliesLoaded (0ms)
			ExecutionOrderSort2 (0ms)
			AwakeInstancesAfterBackupRestoration (13ms)
Platform modules already initialized, skipping
Refreshing native plugins compatible for Editor in 0.91 ms, found 2 plugins.
Preloading 0 native plugins for Editor in 0.00 ms.
Unloading 3983 Unused Serialized files (Serialized files now loaded: 0)
System memory in use before: 184.5 MB.
System memory in use after: 184.7 MB.

Unloading 14 unused Assets to reduce memory usage. Loaded Objects now: 4722.
Total: 4.237700 ms (FindLiveObjects: 0.324000 ms CreateObjectMapping: 0.296600 ms MarkObjects: 3.591300 ms  DeleteObjects: 0.025100 ms)

AssetImportParameters requested are different than current active one (requested -> active):
  custom:framework-win-MediaFoundation: 216162199b28c13a410421893ffa2e32 -> 
  custom:video-decoder-ogg-theora: a1e56fd34408186e4bbccfd4996cb3dc -> 
  custom:container-muxer-webm: aa71ff27fc2769a1b78a27578f13a17b -> 
  custom:container-demuxer-webm: 4f35f7cbe854078d1ac9338744f61a02 -> 
  custom:container-demuxer-ogg: 62fdf1f143b41e24485cea50d1cbac27 -> 
  custom:video-encoder-webm-vp8: eb34c28f22e8b96e1ab97ce403110664 -> 
  custom:video-codec-MediaFoundation-h265: 746d11721c4dcdbdad8f713fa42b33f4 -> 
  custom:video-decoder-webm-vp8: 9c59270c3fd7afecdb556c50c9e8de78 -> 
  custom:audio-decoder-ogg-vorbis: bf7c407c2cedff20999df2af8eb42d56 -> 
  custom:audio-encoder-webm-vorbis: bf7c407c2cedff20999df2af8eb42d56 -> 
========================================================================
Received Prepare
Registering precompiled user dll's ...
Registered in 0.003733 seconds.
Begin MonoManager ReloadAssembly
Native extension for WindowsStandalone target not found
Refreshing native plugins compatible for Editor in 0.87 ms, found 2 plugins.
Preloading 0 native plugins for Editor in 0.00 ms.
Mono: successfully reloaded assembly
- Completed reload, in  1.018 seconds
Domain Reload Profiling:
	ReloadAssembly (1019ms)
		BeginReloadAssembly (110ms)
			ExecutionOrderSort (0ms)
			DisableScriptedObjects (4ms)
			BackupInstance (0ms)
			ReleaseScriptingObjects (0ms)
			CreateAndSetChildDomain (35ms)
		EndReloadAssembly (859ms)
			LoadAssemblies (90ms)
			RebuildTransferFunctionScriptingTraits (0ms)
			SetupTypeCache (265ms)
			ReleaseScriptCaches (2ms)
			RebuildScriptCaches (49ms)
			SetupLoadedEditorAssemblies (338ms)
				LogAssemblyErrors (0ms)
				InitializePlatformSupportModulesInManaged (3ms)
				SetLoadedEditorAssemblies (0ms)
				RefreshPlugins (1ms)
				BeforeProcessingInitializeOnLoad (85ms)
				ProcessInitializeOnLoadAttributes (232ms)
				ProcessInitializeOnLoadMethodAttributes (10ms)
				AfterProcessingInitializeOnLoad (6ms)
				EditorAssembliesLoaded (0ms)
			ExecutionOrderSort2 (0ms)
			AwakeInstancesAfterBackupRestoration (14ms)
Platform modules already initialized, skipping
Refreshing native plugins compatible for Editor in 0.91 ms, found 2 plugins.
Preloading 0 native plugins for Editor in 0.00 ms.
Unloading 3983 Unused Serialized files (Serialized files now loaded: 0)
System memory in use before: 184.5 MB.
System memory in use after: 184.8 MB.

Unloading 14 unused Assets to reduce memory usage. Loaded Objects now: 4724.
Total: 4.373300 ms (FindLiveObjects: 0.364600 ms CreateObjectMapping: 0.154500 ms MarkObjects: 3.822700 ms  DeleteObjects: 0.029700 ms)

AssetImportParameters requested are different than current active one (requested -> active):
  custom:framework-win-MediaFoundation: 216162199b28c13a410421893ffa2e32 -> 
  custom:video-decoder-ogg-theora: a1e56fd34408186e4bbccfd4996cb3dc -> 
  custom:container-muxer-webm: aa71ff27fc2769a1b78a27578f13a17b -> 
  custom:container-demuxer-webm: 4f35f7cbe854078d1ac9338744f61a02 -> 
  custom:container-demuxer-ogg: 62fdf1f143b41e24485cea50d1cbac27 -> 
  custom:video-encoder-webm-vp8: eb34c28f22e8b96e1ab97ce403110664 -> 
  custom:video-codec-MediaFoundation-h265: 746d11721c4dcdbdad8f713fa42b33f4 -> 
  custom:video-decoder-webm-vp8: 9c59270c3fd7afecdb556c50c9e8de78 -> 
  custom:audio-decoder-ogg-vorbis: bf7c407c2cedff20999df2af8eb42d56 -> 
  custom:audio-encoder-webm-vorbis: bf7c407c2cedff20999df2af8eb42d56 -> 
========================================================================
Received Import Request.
  path: Assets/Stuff/Models/mats/ignious_stone_normal.png
  artifactKey: Guid(a2d19ff01020ea64ab5b80577e63bf1a) Importer(815301076,1909f56bfc062723c751e8b465ee728b)
Start importing Assets/Stuff/Models/mats/ignious_stone_normal.png using Guid(a2d19ff01020ea64ab5b80577e63bf1a) Importer(815301076,1909f56bfc062723c751e8b465ee728b)  -> (artifact id: '2a3e56a1a87837e44c8f1f886fd80193') in 0.155999 seconds 
========================================================================
Received Import Request.
  Time since last request: 4.051581 seconds.
  path: Assets/Stuff/Models/mats/water
  artifactKey: Guid(2e2b02dc091dd174cbf17aa52b7fa8c4) Importer(815301076,1909f56bfc062723c751e8b465ee728b)
Start importing Assets/Stuff/Models/mats/water using Guid(2e2b02dc091dd174cbf17aa52b7fa8c4) Importer(815301076,1909f56bfc062723c751e8b465ee728b)  -> (artifact id: '1db4007ca3fa33dbcbebbf158b22326c') in 0.005729 seconds 
========================================================================
Received Import Request.
  Time since last request: 13.007793 seconds.
  path: Assets/Stuff/Models/mats/water/water_height.png
  artifactKey: Guid(8ba6f29cecfe2134aaec83bb295b4406) Importer(815301076,1909f56bfc062723c751e8b465ee728b)
Start importing Assets/Stuff/Models/mats/water/water_height.png using Guid(8ba6f29cecfe2134aaec83bb295b4406) Importer(815301076,1909f56bfc062723c751e8b465ee728b)  -> (artifact id: '0750a7885036f2b927109cbb42c3a07a') in 0.037290 seconds 
========================================================================
Received Import Request.
  Time since last request: 0.000245 seconds.
  path: Assets/Stuff/Models/mats/water/water_normal.png
  artifactKey: Guid(27aa7c3cf1dfaad44bf691101147e71d) Importer(815301076,1909f56bfc062723c751e8b465ee728b)
Start importing Assets/Stuff/Models/mats/water/water_normal.png using Guid(27aa7c3cf1dfaad44bf691101147e71d) Importer(815301076,1909f56bfc062723c751e8b465ee728b)  -> (artifact id: 'bb0c0e8b780260f9cfbe24402cd3b1c4') in 0.016926 seconds 
========================================================================
Received Import Request.
  Time since last request: 8.219567 seconds.
  path: Assets/Stuff/Models/mats/water/water.mat
  artifactKey: Guid(9b462a4b08be4fa47b513d8c398e08c9) Importer(815301076,1909f56bfc062723c751e8b465ee728b)
Start importing Assets/Stuff/Models/mats/water/water.mat using Guid(9b462a4b08be4fa47b513d8c398e08c9) Importer(815301076,1909f56bfc062723c751e8b465ee728b)  -> (artifact id: 'd76227f935b007b30c09e8b98e216dc5') in 0.476177 seconds 
========================================================================
Received Import Request.
  Time since last request: 24.320176 seconds.
  path: Assets/Stuff/Models/mats/water/watershader.shadergraph
  artifactKey: Guid(4f313c6ed62162c49849c88ddec9480e) Importer(815301076,1909f56bfc062723c751e8b465ee728b)
Start importing Assets/Stuff/Models/mats/water/watershader.shadergraph using Guid(4f313c6ed62162c49849c88ddec9480e) Importer(815301076,1909f56bfc062723c751e8b465ee728b)  -> (artifact id: '4c48535f1469d5c1e77ebfe41202dc41') in 0.009178 seconds 
========================================================================
Received Import Request.
  Time since last request: 18.912772 seconds.
  path: Assets/Stuff/Models/mats/water/watershader.shadergraph
  artifactKey: Guid(4f313c6ed62162c49849c88ddec9480e) Importer(815301076,1909f56bfc062723c751e8b465ee728b)
Start importing Assets/Stuff/Models/mats/water/watershader.shadergraph using Guid(4f313c6ed62162c49849c88ddec9480e) Importer(815301076,1909f56bfc062723c751e8b465ee728b)  -> (artifact id: '65dd601c265142817e10aff9dd222400') in 0.004141 seconds 
========================================================================
Received Import Request.
  Time since last request: 15.046416 seconds.
  path: Assets/Stuff/Models/mats/water/watershader.shadergraph
  artifactKey: Guid(4f313c6ed62162c49849c88ddec9480e) Importer(815301076,1909f56bfc062723c751e8b465ee728b)
Start importing Assets/Stuff/Models/mats/water/watershader.shadergraph using Guid(4f313c6ed62162c49849c88ddec9480e) Importer(815301076,1909f56bfc062723c751e8b465ee728b)  -> (artifact id: 'c06e73415b2bdac054dc29953fe792ff') in 0.004691 seconds 
========================================================================
Received Prepare
Registering precompiled user dll's ...
Registered in 0.003435 seconds.
Begin MonoManager ReloadAssembly
Native extension for WindowsStandalone target not found
Refreshing native plugins compatible for Editor in 0.83 ms, found 2 plugins.
Preloading 0 native plugins for Editor in 0.00 ms.
Mono: successfully reloaded assembly
- Completed reload, in  1.092 seconds
Domain Reload Profiling:
	ReloadAssembly (1092ms)
		BeginReloadAssembly (158ms)
			ExecutionOrderSort (0ms)
			DisableScriptedObjects (23ms)
			BackupInstance (0ms)
			ReleaseScriptingObjects (0ms)
			CreateAndSetChildDomain (45ms)
		EndReloadAssembly (885ms)
			LoadAssemblies (87ms)
			RebuildTransferFunctionScriptingTraits (0ms)
			SetupTypeCache (261ms)
			ReleaseScriptCaches (2ms)
			RebuildScriptCaches (47ms)
			SetupLoadedEditorAssemblies (323ms)
				LogAssemblyErrors (0ms)
				InitializePlatformSupportModulesInManaged (3ms)
				SetLoadedEditorAssemblies (0ms)
				RefreshPlugins (1ms)
				BeforeProcessingInitializeOnLoad (85ms)
				ProcessInitializeOnLoadAttributes (218ms)
				ProcessInitializeOnLoadMethodAttributes (10ms)
				AfterProcessingInitializeOnLoad (6ms)
				EditorAssembliesLoaded (0ms)
			ExecutionOrderSort2 (0ms)
			AwakeInstancesAfterBackupRestoration (8ms)
Platform modules already initialized, skipping
Refreshing native plugins compatible for Editor in 0.89 ms, found 2 plugins.
Preloading 0 native plugins for Editor in 0.00 ms.
Unloading 3996 Unused Serialized files (Serialized files now loaded: 0)
System memory in use before: 201.3 MB.
System memory in use after: 201.5 MB.

Unloading 14 unused Assets to reduce memory usage. Loaded Objects now: 4894.
Total: 4.259300 ms (FindLiveObjects: 0.362800 ms CreateObjectMapping: 0.250900 ms MarkObjects: 3.621900 ms  DeleteObjects: 0.022600 ms)

AssetImportParameters requested are different than current active one (requested -> active):
  custom:framework-win-MediaFoundation: 216162199b28c13a410421893ffa2e32 -> 
  custom:video-decoder-ogg-theora: a1e56fd34408186e4bbccfd4996cb3dc -> 
  custom:container-muxer-webm: aa71ff27fc2769a1b78a27578f13a17b -> 
  custom:container-demuxer-webm: 4f35f7cbe854078d1ac9338744f61a02 -> 
  custom:container-demuxer-ogg: 62fdf1f143b41e24485cea50d1cbac27 -> 
  custom:video-encoder-webm-vp8: eb34c28f22e8b96e1ab97ce403110664 -> 
  custom:video-codec-MediaFoundation-h265: 746d11721c4dcdbdad8f713fa42b33f4 -> 
  custom:video-decoder-webm-vp8: 9c59270c3fd7afecdb556c50c9e8de78 -> 
  custom:audio-decoder-ogg-vorbis: bf7c407c2cedff20999df2af8eb42d56 -> 
  custom:audio-encoder-webm-vorbis: bf7c407c2cedff20999df2af8eb42d56 -> 
========================================================================
Received Import Request.
  Time since last request: 621.858096 seconds.
  path: Assets/Stuff/Models/high_plane.fbx
  artifactKey: Guid(b49b73416415d5848996ae388a609896) Importer(815301076,1909f56bfc062723c751e8b465ee728b)
Start importing Assets/Stuff/Models/high_plane.fbx using Guid(b49b73416415d5848996ae388a609896) Importer(815301076,1909f56bfc062723c751e8b465ee728b)  -> (artifact id: 'e752de223ce92bb725a2afead7908235') in 0.493578 seconds 
========================================================================
Received Import Request.
  Time since last request: 6.656814 seconds.
  path: Assets/Stuff/Models/high_plane.fbx
  artifactKey: Guid(b49b73416415d5848996ae388a609896) Importer(815301076,1909f56bfc062723c751e8b465ee728b)
Start importing Assets/Stuff/Models/high_plane.fbx using Guid(b49b73416415d5848996ae388a609896) Importer(815301076,1909f56bfc062723c751e8b465ee728b)  -> (artifact id: '98d7b4740a10d0a15b5e76d634d3e5b8') in 0.040580 seconds 
========================================================================
Received Prepare
Registering precompiled user dll's ...
Registered in 0.003609 seconds.
Begin MonoManager ReloadAssembly
Native extension for WindowsStandalone target not found
Refreshing native plugins compatible for Editor in 0.84 ms, found 2 plugins.
Preloading 0 native plugins for Editor in 0.00 ms.
Mono: successfully reloaded assembly
- Completed reload, in  1.056 seconds
Domain Reload Profiling:
	ReloadAssembly (1057ms)
		BeginReloadAssembly (146ms)
			ExecutionOrderSort (0ms)
			DisableScriptedObjects (22ms)
			BackupInstance (0ms)
			ReleaseScriptingObjects (0ms)
			CreateAndSetChildDomain (45ms)
		EndReloadAssembly (863ms)
			LoadAssemblies (95ms)
			RebuildTransferFunctionScriptingTraits (0ms)
			SetupTypeCache (262ms)
			ReleaseScriptCaches (2ms)
			RebuildScriptCaches (44ms)
			SetupLoadedEditorAssemblies (322ms)
				LogAssemblyErrors (0ms)
				InitializePlatformSupportModulesInManaged (3ms)
				SetLoadedEditorAssemblies (0ms)
				RefreshPlugins (1ms)
				BeforeProcessingInitializeOnLoad (77ms)
				ProcessInitializeOnLoadAttributes (225ms)
				ProcessInitializeOnLoadMethodAttributes (10ms)
				AfterProcessingInitializeOnLoad (6ms)
				EditorAssembliesLoaded (0ms)
			ExecutionOrderSort2 (0ms)
			AwakeInstancesAfterBackupRestoration (15ms)
Platform modules already initialized, skipping
Refreshing native plugins compatible for Editor in 0.83 ms, found 2 plugins.
Preloading 0 native plugins for Editor in 0.00 ms.
Unloading 3983 Unused Serialized files (Serialized files now loaded: 0)
System memory in use before: 201.0 MB.
System memory in use after: 201.3 MB.

Unloading 14 unused Assets to reduce memory usage. Loaded Objects now: 5000.
Total: 3.671800 ms (FindLiveObjects: 0.320100 ms CreateObjectMapping: 0.140100 ms MarkObjects: 3.188900 ms  DeleteObjects: 0.021800 ms)

AssetImportParameters requested are different than current active one (requested -> active):
  custom:framework-win-MediaFoundation: 216162199b28c13a410421893ffa2e32 -> 
  custom:video-decoder-ogg-theora: a1e56fd34408186e4bbccfd4996cb3dc -> 
  custom:container-muxer-webm: aa71ff27fc2769a1b78a27578f13a17b -> 
  custom:container-demuxer-webm: 4f35f7cbe854078d1ac9338744f61a02 -> 
  custom:container-demuxer-ogg: 62fdf1f143b41e24485cea50d1cbac27 -> 
  custom:video-encoder-webm-vp8: eb34c28f22e8b96e1ab97ce403110664 -> 
  custom:video-codec-MediaFoundation-h265: 746d11721c4dcdbdad8f713fa42b33f4 -> 
  custom:video-decoder-webm-vp8: 9c59270c3fd7afecdb556c50c9e8de78 -> 
  custom:audio-decoder-ogg-vorbis: bf7c407c2cedff20999df2af8eb42d56 -> 
  custom:audio-encoder-webm-vorbis: bf7c407c2cedff20999df2af8eb42d56 -> 
========================================================================
Received Import Request.
  Time since last request: 1705.976390 seconds.
  path: Assets/SampleSceneAssets/Textures/LightCookie/SpotLight_Cookie.png
  artifactKey: Guid(c3097fbf5286afe4692f9d336db11daa) Importer(815301076,1909f56bfc062723c751e8b465ee728b)
Start importing Assets/SampleSceneAssets/Textures/LightCookie/SpotLight_Cookie.png using Guid(c3097fbf5286afe4692f9d336db11daa) Importer(815301076,1909f56bfc062723c751e8b465ee728b)  -> (artifact id: 'a72d6e4db23fb35620c3fc71b66352f2') in 0.041574 seconds 
========================================================================
Received Import Request.
  Time since last request: 0.000186 seconds.
  path: Assets/SampleSceneAssets/Textures/General/WoodCounter_Albedo.png
  artifactKey: Guid(8bd5849ed8ed1634d988797456486876) Importer(815301076,1909f56bfc062723c751e8b465ee728b)
Start importing Assets/SampleSceneAssets/Textures/General/WoodCounter_Albedo.png using Guid(8bd5849ed8ed1634d988797456486876) Importer(815301076,1909f56bfc062723c751e8b465ee728b)  -> (artifact id: '71ebbc70a335eb7a2f7e9688895eb64c') in 0.012527 seconds 
========================================================================
Received Import Request.
  Time since last request: 0.000204 seconds.
  path: Assets/SampleSceneAssets/Textures/General/WoodLight_Albedo.png
  artifactKey: Guid(2c8323241f237fa408e40b18b68f5c1b) Importer(815301076,1909f56bfc062723c751e8b465ee728b)
Start importing Assets/SampleSceneAssets/Textures/General/WoodLight_Albedo.png using Guid(2c8323241f237fa408e40b18b68f5c1b) Importer(815301076,1909f56bfc062723c751e8b465ee728b)  -> (artifact id: 'c5aad7d1b05a80813ff78f3d9742c4c9') in 0.011631 seconds 
========================================================================
Received Import Request.
  Time since last request: 0.000174 seconds.
  path: Assets/SampleSceneAssets/Textures/General/WoodCounter_Normal.png
  artifactKey: Guid(99e593ed56a446441b8541d817103e72) Importer(815301076,1909f56bfc062723c751e8b465ee728b)
Start importing Assets/SampleSceneAssets/Textures/General/WoodCounter_Normal.png using Guid(99e593ed56a446441b8541d817103e72) Importer(815301076,1909f56bfc062723c751e8b465ee728b)  -> (artifact id: 'e63a5d80de40b35500b6740a648287f7') in 0.018894 seconds 
========================================================================
Received Import Request.
  Time since last request: 0.000194 seconds.
  path: Assets/SampleSceneAssets/Textures/General/WoodCounter_MAODS.png
  artifactKey: Guid(1b0247db106835147a9d26955fe0fdbb) Importer(815301076,1909f56bfc062723c751e8b465ee728b)
Start importing Assets/SampleSceneAssets/Textures/General/WoodCounter_MAODS.png using Guid(1b0247db106835147a9d26955fe0fdbb) Importer(815301076,1909f56bfc062723c751e8b465ee728b)  -> (artifact id: 'd818670eab72d08dd640d21b37e41e7d') in 0.011626 seconds 
========================================================================
Received Import Request.
  Time since last request: 0.000191 seconds.
  path: Assets/SampleSceneAssets/Textures/General/WoodLight_DetailMap.png
  artifactKey: Guid(903a1b0a71996484683b058c393d95d5) Importer(815301076,1909f56bfc062723c751e8b465ee728b)
Start importing Assets/SampleSceneAssets/Textures/General/WoodLight_DetailMap.png using Guid(903a1b0a71996484683b058c393d95d5) Importer(815301076,1909f56bfc062723c751e8b465ee728b)  -> (artifact id: '27c90bf8047fcf00311d1c299f6243c3') in 0.011540 seconds 
========================================================================
Received Import Request.
  Time since last request: 0.000176 seconds.
  path: Assets/SampleSceneAssets/Textures/General/WoodLight_MAODS.png
  artifactKey: Guid(449fd0ed8fda67d468503693b3849926) Importer(815301076,1909f56bfc062723c751e8b465ee728b)
Start importing Assets/SampleSceneAssets/Textures/General/WoodLight_MAODS.png using Guid(449fd0ed8fda67d468503693b3849926) Importer(815301076,1909f56bfc062723c751e8b465ee728b)  -> (artifact id: 'b2309a5b15eafedfb2b846e5cdab302e') in 0.010642 seconds 
========================================================================
Received Import Request.
  Time since last request: 177.549328 seconds.
  path: Assets/Stuff/Models/mats/water/water.mat
  artifactKey: Guid(9b462a4b08be4fa47b513d8c398e08c9) Importer(815301076,1909f56bfc062723c751e8b465ee728b)
Start importing Assets/Stuff/Models/mats/water/water.mat using Guid(9b462a4b08be4fa47b513d8c398e08c9) Importer(815301076,1909f56bfc062723c751e8b465ee728b)  -> (artifact id: '4f16cf5477c96a9c2ffdbe2e27322392') in 0.660760 seconds 
========================================================================
Received Import Request.
  Time since last request: 16.913457 seconds.
  path: Assets/Scenes/animation.unity
  artifactKey: Guid(f1cc697b771f41b4f8c8201b7e420852) Importer(815301076,1909f56bfc062723c751e8b465ee728b)
Start importing Assets/Scenes/animation.unity using Guid(f1cc697b771f41b4f8c8201b7e420852) Importer(815301076,1909f56bfc062723c751e8b465ee728b)  -> (artifact id: 'e7e75fcfe9f5465b08afe05ed11daf8d') in 0.006299 seconds 
========================================================================
Received Import Request.
  Time since last request: 0.912922 seconds.
  path: Assets/Scenes/VFX.unity
  artifactKey: Guid(de3c433e8cac2424b97e7b1503e3954c) Importer(815301076,1909f56bfc062723c751e8b465ee728b)
Start importing Assets/Scenes/VFX.unity using Guid(de3c433e8cac2424b97e7b1503e3954c) Importer(815301076,1909f56bfc062723c751e8b465ee728b)  -> (artifact id: 'f1962ad6abb40be9357d821932edaba1') in 0.005478 seconds 
========================================================================
Received Import Request.
  Time since last request: 248.788038 seconds.
  path: Assets/SampleSceneAssets/Textures/DensityVolumeTextures/3d_fractal_noise_sample01.tga
  artifactKey: Guid(836429d92e1b49443b7743362fdeb1fe) Importer(815301076,1909f56bfc062723c751e8b465ee728b)
Start importing Assets/SampleSceneAssets/Textures/DensityVolumeTextures/3d_fractal_noise_sample01.tga using Guid(836429d92e1b49443b7743362fdeb1fe) Importer(815301076,1909f56bfc062723c751e8b465ee728b)  -> (artifact id: 'b17b274daf5583fb0bcec7d2ab26ff8e') in 0.035143 seconds 
========================================================================
Received Import Request.
  Time since last request: 0.000152 seconds.
  path: Assets/SampleSceneAssets/Textures/General/Bamboo_A_BNM.png
  artifactKey: Guid(f6341afdbd8d916429f1fb266c729b58) Importer(815301076,1909f56bfc062723c751e8b465ee728b)
Start importing Assets/SampleSceneAssets/Textures/General/Bamboo_A_BNM.png using Guid(f6341afdbd8d916429f1fb266c729b58) Importer(815301076,1909f56bfc062723c751e8b465ee728b)  -> (artifact id: 'c3a97e7aaba3bde8bd3a6a50fafb3853') in 0.010251 seconds 
========================================================================
Received Import Request.
  Time since last request: 0.000155 seconds.
  path: Assets/SampleSceneAssets/Textures/General/Bamboo_A_MaskMap.png
  artifactKey: Guid(0081f8fb9bc44a0448c0276d234cd68d) Importer(815301076,1909f56bfc062723c751e8b465ee728b)
Start importing Assets/SampleSceneAssets/Textures/General/Bamboo_A_MaskMap.png using Guid(0081f8fb9bc44a0448c0276d234cd68d) Importer(815301076,1909f56bfc062723c751e8b465ee728b)  -> (artifact id: '3b4a07585ce6a41644e285bef9a7a392') in 0.010090 seconds 
========================================================================
Received Import Request.
  Time since last request: 0.000196 seconds.
  path: Assets/SampleSceneAssets/Textures/VFX/BamBoo_Leaves_Albedo.png
  artifactKey: Guid(8a51867cd75a2a7438c127fd7ae830e3) Importer(815301076,1909f56bfc062723c751e8b465ee728b)
Start importing Assets/SampleSceneAssets/Textures/VFX/BamBoo_Leaves_Albedo.png using Guid(8a51867cd75a2a7438c127fd7ae830e3) Importer(815301076,1909f56bfc062723c751e8b465ee728b)  -> (artifact id: 'ccae30e642e40f6b0081c6c4f49cad02') in 0.010997 seconds 
========================================================================
Received Import Request.
  Time since last request: 0.000141 seconds.
  path: Assets/SampleSceneAssets/Textures/General/Bamboo_A_Albedo.png
  artifactKey: Guid(d0988f211eac8ca4d84dd1290ce650de) Importer(815301076,1909f56bfc062723c751e8b465ee728b)
Start importing Assets/SampleSceneAssets/Textures/General/Bamboo_A_Albedo.png using Guid(d0988f211eac8ca4d84dd1290ce650de) Importer(815301076,1909f56bfc062723c751e8b465ee728b)  -> (artifact id: 'fa8a218031bc15cc0811c62101a2e427') in 0.010494 seconds 
========================================================================
Received Import Request.
  Time since last request: 0.000148 seconds.
  path: Assets/SampleSceneAssets/Textures/General/Bamboo_A_Normal.png
  artifactKey: Guid(c92c870449b56f94f9a1fc7573e5f791) Importer(815301076,1909f56bfc062723c751e8b465ee728b)
Start importing Assets/SampleSceneAssets/Textures/General/Bamboo_A_Normal.png using Guid(c92c870449b56f94f9a1fc7573e5f791) Importer(815301076,1909f56bfc062723c751e8b465ee728b)  -> (artifact id: 'cb0312ac733ac92a327162a6dfc9f0d5') in 0.010822 seconds 
========================================================================
Received Import Request.
  Time since last request: 0.000153 seconds.
  path: Assets/SampleSceneAssets/Textures/General/Bamboo_A_Height.png
  artifactKey: Guid(653861b580438e1429c55953041fab8a) Importer(815301076,1909f56bfc062723c751e8b465ee728b)
Start importing Assets/SampleSceneAssets/Textures/General/Bamboo_A_Height.png using Guid(653861b580438e1429c55953041fab8a) Importer(815301076,1909f56bfc062723c751e8b465ee728b)  -> (artifact id: '3fe762a85ddcaaace73b24ed03237e2a') in 0.010366 seconds 
========================================================================
Received Import Request.
  Time since last request: 0.000149 seconds.
  path: Assets/SampleSceneAssets/Textures/General/Bamboo_A_Thickness.png
  artifactKey: Guid(f6e15ec362c60e74cb03d3353528f79c) Importer(815301076,1909f56bfc062723c751e8b465ee728b)
Start importing Assets/SampleSceneAssets/Textures/General/Bamboo_A_Thickness.png using Guid(f6e15ec362c60e74cb03d3353528f79c) Importer(815301076,1909f56bfc062723c751e8b465ee728b)  -> (artifact id: '54f284a2452cceedf53437b2bd855f2d') in 0.010521 seconds 
========================================================================
Received Import Request.
  Time since last request: 2.777117 seconds.
  path: Assets/Scenes/VFX
  artifactKey: Guid(adfd7d6da592c6a46a9891c6aa561200) Importer(815301076,1909f56bfc062723c751e8b465ee728b)
Start importing Assets/Scenes/VFX using Guid(adfd7d6da592c6a46a9891c6aa561200) Importer(815301076,1909f56bfc062723c751e8b465ee728b)  -> (artifact id: '034de6daaf4eafaacdde9e69f3158c67') in 0.005632 seconds 
========================================================================
Received Import Request.
  Time since last request: 2.495600 seconds.
  path: Assets/Stuff/Models/mats/distortion.mat
  artifactKey: Guid(c4313589cf45bfc44805edc28974facb) Importer(815301076,1909f56bfc062723c751e8b465ee728b)
Start importing Assets/Stuff/Models/mats/distortion.mat using Guid(c4313589cf45bfc44805edc28974facb) Importer(815301076,1909f56bfc062723c751e8b465ee728b)  -> (artifact id: 'd1f2c2773832411cd055c31fa36c67d5') in 0.031151 seconds 
========================================================================
Received Prepare
Registering precompiled user dll's ...
Registered in 0.003808 seconds.
Begin MonoManager ReloadAssembly
Native extension for WindowsStandalone target not found
Refreshing native plugins compatible for Editor in 0.84 ms, found 2 plugins.
Preloading 0 native plugins for Editor in 0.00 ms.
Mono: successfully reloaded assembly
- Completed reload, in  1.097 seconds
Domain Reload Profiling:
	ReloadAssembly (1097ms)
		BeginReloadAssembly (142ms)
			ExecutionOrderSort (0ms)
			DisableScriptedObjects (24ms)
			BackupInstance (0ms)
			ReleaseScriptingObjects (0ms)
			CreateAndSetChildDomain (44ms)
		EndReloadAssembly (906ms)
			LoadAssemblies (90ms)
			RebuildTransferFunctionScriptingTraits (0ms)
			SetupTypeCache (273ms)
			ReleaseScriptCaches (2ms)
			RebuildScriptCaches (48ms)
			SetupLoadedEditorAssemblies (337ms)
				LogAssemblyErrors (0ms)
				InitializePlatformSupportModulesInManaged (3ms)
				SetLoadedEditorAssemblies (0ms)
				RefreshPlugins (1ms)
				BeforeProcessingInitializeOnLoad (80ms)
				ProcessInitializeOnLoadAttributes (235ms)
				ProcessInitializeOnLoadMethodAttributes (10ms)
				AfterProcessingInitializeOnLoad (6ms)
				EditorAssembliesLoaded (0ms)
			ExecutionOrderSort2 (0ms)
			AwakeInstancesAfterBackupRestoration (18ms)
Platform modules already initialized, skipping
Refreshing native plugins compatible for Editor in 0.95 ms, found 2 plugins.
Preloading 0 native plugins for Editor in 0.00 ms.
Unloading 3985 Unused Serialized files (Serialized files now loaded: 0)
System memory in use before: 203.8 MB.
System memory in use after: 204.0 MB.

Unloading 14 unused Assets to reduce memory usage. Loaded Objects now: 5112.
Total: 4.679300 ms (FindLiveObjects: 0.395100 ms CreateObjectMapping: 0.282000 ms MarkObjects: 3.973500 ms  DeleteObjects: 0.027400 ms)

AssetImportParameters requested are different than current active one (requested -> active):
  custom:framework-win-MediaFoundation: 216162199b28c13a410421893ffa2e32 -> 
  custom:video-decoder-ogg-theora: a1e56fd34408186e4bbccfd4996cb3dc -> 
  custom:container-muxer-webm: aa71ff27fc2769a1b78a27578f13a17b -> 
  custom:container-demuxer-webm: 4f35f7cbe854078d1ac9338744f61a02 -> 
  custom:container-demuxer-ogg: 62fdf1f143b41e24485cea50d1cbac27 -> 
  custom:video-encoder-webm-vp8: eb34c28f22e8b96e1ab97ce403110664 -> 
  custom:video-codec-MediaFoundation-h265: 746d11721c4dcdbdad8f713fa42b33f4 -> 
  custom:video-decoder-webm-vp8: 9c59270c3fd7afecdb556c50c9e8de78 -> 
  custom:audio-decoder-ogg-vorbis: bf7c407c2cedff20999df2af8eb42d56 -> 
  custom:audio-encoder-webm-vorbis: bf7c407c2cedff20999df2af8eb42d56 -> 
========================================================================
Received Import Request.
  Time since last request: 1150.344674 seconds.
  path: Assets/Stuff/Models/mats/water/water_normal.png
  artifactKey: Guid(27aa7c3cf1dfaad44bf691101147e71d) Importer(815301076,1909f56bfc062723c751e8b465ee728b)
Start importing Assets/Stuff/Models/mats/water/water_normal.png using Guid(27aa7c3cf1dfaad44bf691101147e71d) Importer(815301076,1909f56bfc062723c751e8b465ee728b)  -> (artifact id: 'fd3cb9d14b8b32052a1fd05a410a635f') in 0.047419 seconds 
========================================================================
Received Import Request.
  Time since last request: 1473.397725 seconds.
  path: Assets/Stuff/Models/mats/water/test.mat
  artifactKey: Guid(ffd8a82fbf1b1b84eb462ba1921a5dea) Importer(815301076,1909f56bfc062723c751e8b465ee728b)
Start importing Assets/Stuff/Models/mats/water/test.mat using Guid(ffd8a82fbf1b1b84eb462ba1921a5dea) Importer(815301076,1909f56bfc062723c751e8b465ee728b)  -> (artifact id: 'aa7545e605331a420ea136675205d738') in 0.402831 seconds 
========================================================================
Received Import Request.
  Time since last request: 0.000184 seconds.
  path: Assets/Stuff/Models/mats/water/water.mat
  artifactKey: Guid(9b462a4b08be4fa47b513d8c398e08c9) Importer(815301076,1909f56bfc062723c751e8b465ee728b)
Start importing Assets/Stuff/Models/mats/water/water.mat using Guid(9b462a4b08be4fa47b513d8c398e08c9) Importer(815301076,1909f56bfc062723c751e8b465ee728b)  -> (artifact id: '30378a1e0107ea041124ef41c1526272') in 5.992700 seconds 
========================================================================
Received Import Request.
  Time since last request: 57.205433 seconds.
  path: Assets/Stuff/Models/mats/water/water_normal.png
  artifactKey: Guid(27aa7c3cf1dfaad44bf691101147e71d) Importer(815301076,1909f56bfc062723c751e8b465ee728b)
Start importing Assets/Stuff/Models/mats/water/water_normal.png using Guid(27aa7c3cf1dfaad44bf691101147e71d) Importer(815301076,1909f56bfc062723c751e8b465ee728b)  -> (artifact id: '7d5fbfda46adb4e8fc3dd93616131184') in 0.032848 seconds 
========================================================================
Received Import Request.
  Time since last request: 56.806453 seconds.
  path: Assets/Stuff/Models/mats/water/water_normal1.png
  artifactKey: Guid(9a35aaabb1160e241aedf2885a731ec6) Importer(815301076,1909f56bfc062723c751e8b465ee728b)
Start importing Assets/Stuff/Models/mats/water/water_normal1.png using Guid(9a35aaabb1160e241aedf2885a731ec6) Importer(815301076,1909f56bfc062723c751e8b465ee728b)  -> (artifact id: 'd78a669b4441b54ee8151e23d196f786') in 0.012890 seconds 
========================================================================
Received Import Request.
  Time since last request: 5.926725 seconds.
  path: Assets/Stuff/Models/mats/water/water_normal1.png
  artifactKey: Guid(9a35aaabb1160e241aedf2885a731ec6) Importer(815301076,1909f56bfc062723c751e8b465ee728b)
Start importing Assets/Stuff/Models/mats/water/water_normal1.png using Guid(9a35aaabb1160e241aedf2885a731ec6) Importer(815301076,1909f56bfc062723c751e8b465ee728b)  -> (artifact id: '855f1375c3f2cd4cfcd9e45abdc2d599') in 0.012800 seconds 
========================================================================
Received Import Request.
  Time since last request: 2.451171 seconds.
  path: Assets/Stuff/Models/mats/water/water_normal1.png
  artifactKey: Guid(9a35aaabb1160e241aedf2885a731ec6) Importer(815301076,1909f56bfc062723c751e8b465ee728b)
Start importing Assets/Stuff/Models/mats/water/water_normal1.png using Guid(9a35aaabb1160e241aedf2885a731ec6) Importer(815301076,1909f56bfc062723c751e8b465ee728b)  -> (artifact id: '075d61ccec527bb6a111aed58b1b68e0') in 0.027812 seconds 
========================================================================
Received Import Request.
  Time since last request: 1125.574589 seconds.
  path: Assets/Stuff/Models/high_plane_1000.fbx
  artifactKey: Guid(679fcf1bc00b9284ba3d3a8f802ffd31) Importer(815301076,1909f56bfc062723c751e8b465ee728b)
Start importing Assets/Stuff/Models/high_plane_1000.fbx using Guid(679fcf1bc00b9284ba3d3a8f802ffd31) Importer(815301076,1909f56bfc062723c751e8b465ee728b)  -> (artifact id: 'bdc4ab09571b9976e2fadc7eda2cffed') in 0.152341 seconds 
========================================================================
Received Import Request.
  Time since last request: 9.854321 seconds.
  path: Assets/Stuff/Models/high_plane_1000.fbx
  artifactKey: Guid(679fcf1bc00b9284ba3d3a8f802ffd31) Importer(815301076,1909f56bfc062723c751e8b465ee728b)
Start importing Assets/Stuff/Models/high_plane_1000.fbx using Guid(679fcf1bc00b9284ba3d3a8f802ffd31) Importer(815301076,1909f56bfc062723c751e8b465ee728b)  -> (artifact id: '5ba6e8a8c91f565f6ff1908fdcf0ed42') in 0.216695 seconds 
========================================================================
Received Import Request.
  Time since last request: 670.515776 seconds.
  path: Assets/Stuff/Models/mats/water/test.mat
  artifactKey: Guid(ffd8a82fbf1b1b84eb462ba1921a5dea) Importer(815301076,1909f56bfc062723c751e8b465ee728b)
Start importing Assets/Stuff/Models/mats/water/test.mat using Guid(ffd8a82fbf1b1b84eb462ba1921a5dea) Importer(815301076,1909f56bfc062723c751e8b465ee728b)  -> (artifact id: '273a0c204a487b113580c219ad827ff1') in 0.059417 seconds 
========================================================================
Received Import Request.
  Time since last request: 0.000174 seconds.
  path: Assets/Stuff/Models/mats/water/water.mat
  artifactKey: Guid(9b462a4b08be4fa47b513d8c398e08c9) Importer(815301076,1909f56bfc062723c751e8b465ee728b)
Start importing Assets/Stuff/Models/mats/water/water.mat using Guid(9b462a4b08be4fa47b513d8c398e08c9) Importer(815301076,1909f56bfc062723c751e8b465ee728b)  -> (artifact id: '66544b24055da5ebf4d9f6552240d1b6') in 0.036322 seconds 
========================================================================
Received Prepare
Registering precompiled user dll's ...
Registered in 0.003764 seconds.
Begin MonoManager ReloadAssembly
Native extension for WindowsStandalone target not found
Refreshing native plugins compatible for Editor in 0.87 ms, found 2 plugins.
Preloading 0 native plugins for Editor in 0.00 ms.
Mono: successfully reloaded assembly
- Completed reload, in  1.348 seconds
Domain Reload Profiling:
	ReloadAssembly (1349ms)
		BeginReloadAssembly (277ms)
			ExecutionOrderSort (0ms)
			DisableScriptedObjects (49ms)
			BackupInstance (0ms)
			ReleaseScriptingObjects (0ms)
			CreateAndSetChildDomain (124ms)
		EndReloadAssembly (1019ms)
			LoadAssemblies (117ms)
			RebuildTransferFunctionScriptingTraits (0ms)
			SetupTypeCache (318ms)
			ReleaseScriptCaches (2ms)
			RebuildScriptCaches (52ms)
			SetupLoadedEditorAssemblies (367ms)
				LogAssemblyErrors (0ms)
				InitializePlatformSupportModulesInManaged (4ms)
				SetLoadedEditorAssemblies (0ms)
				RefreshPlugins (1ms)
				BeforeProcessingInitializeOnLoad (88ms)
				ProcessInitializeOnLoadAttributes (254ms)
				ProcessInitializeOnLoadMethodAttributes (11ms)
				AfterProcessingInitializeOnLoad (9ms)
				EditorAssembliesLoaded (0ms)
			ExecutionOrderSort2 (0ms)
			AwakeInstancesAfterBackupRestoration (20ms)
Platform modules already initialized, skipping
Refreshing native plugins compatible for Editor in 0.96 ms, found 2 plugins.
Preloading 0 native plugins for Editor in 0.00 ms.
Unloading 3983 Unused Serialized files (Serialized files now loaded: 0)
System memory in use before: 204.0 MB.
System memory in use after: 204.3 MB.

Unloading 14 unused Assets to reduce memory usage. Loaded Objects now: 5216.
Total: 4.065700 ms (FindLiveObjects: 0.450800 ms CreateObjectMapping: 0.133700 ms MarkObjects: 3.458200 ms  DeleteObjects: 0.022200 ms)

AssetImportParameters requested are different than current active one (requested -> active):
  custom:framework-win-MediaFoundation: 216162199b28c13a410421893ffa2e32 -> 
  custom:video-decoder-ogg-theora: a1e56fd34408186e4bbccfd4996cb3dc -> 
  custom:container-muxer-webm: aa71ff27fc2769a1b78a27578f13a17b -> 
  custom:container-demuxer-webm: 4f35f7cbe854078d1ac9338744f61a02 -> 
  custom:container-demuxer-ogg: 62fdf1f143b41e24485cea50d1cbac27 -> 
  custom:video-encoder-webm-vp8: eb34c28f22e8b96e1ab97ce403110664 -> 
  custom:video-codec-MediaFoundation-h265: 746d11721c4dcdbdad8f713fa42b33f4 -> 
  custom:video-decoder-webm-vp8: 9c59270c3fd7afecdb556c50c9e8de78 -> 
  custom:audio-decoder-ogg-vorbis: bf7c407c2cedff20999df2af8eb42d56 -> 
  custom:audio-encoder-webm-vorbis: bf7c407c2cedff20999df2af8eb42d56 -> 
========================================================================
Received Import Request.
  Time since last request: 471.730842 seconds.
  path: Assets/Stuff/Models/mats/water/water_height_tile.png
  artifactKey: Guid(d893e803db4a9c843bcbb2472aab4c45) Importer(815301076,1909f56bfc062723c751e8b465ee728b)
Start importing Assets/Stuff/Models/mats/water/water_height_tile.png using Guid(d893e803db4a9c843bcbb2472aab4c45) Importer(815301076,1909f56bfc062723c751e8b465ee728b)  -> (artifact id: '296d563be6d9cfb17cd6b4ea01d56f85') in 0.132140 seconds 
========================================================================
Received Import Request.
  Time since last request: 0.000150 seconds.
  path: Assets/Stuff/Models/mats/water/water_normal_tile.png
  artifactKey: Guid(ecc79181998092b4e8e082777f3c874b) Importer(815301076,1909f56bfc062723c751e8b465ee728b)
Start importing Assets/Stuff/Models/mats/water/water_normal_tile.png using Guid(ecc79181998092b4e8e082777f3c874b) Importer(815301076,1909f56bfc062723c751e8b465ee728b)  -> (artifact id: '2375438e4266297beaeeddf51bdbc460') in 0.015016 seconds 
========================================================================
Received Import Request.
  Time since last request: 10.856151 seconds.
  path: Assets/Stuff/Models/mats/water/water_normal_tile.png
  artifactKey: Guid(ecc79181998092b4e8e082777f3c874b) Importer(815301076,1909f56bfc062723c751e8b465ee728b)
Start importing Assets/Stuff/Models/mats/water/water_normal_tile.png using Guid(ecc79181998092b4e8e082777f3c874b) Importer(815301076,1909f56bfc062723c751e8b465ee728b)  -> (artifact id: '682f87c81d3c73afb82c9f943565ded1') in 0.022270 seconds 
========================================================================
Received Import Request.
  Time since last request: 1.853004 seconds.
  path: Assets/Stuff/Models/mats/water/water_normal_tile.png
  artifactKey: Guid(ecc79181998092b4e8e082777f3c874b) Importer(815301076,1909f56bfc062723c751e8b465ee728b)
Start importing Assets/Stuff/Models/mats/water/water_normal_tile.png using Guid(ecc79181998092b4e8e082777f3c874b) Importer(815301076,1909f56bfc062723c751e8b465ee728b)  -> (artifact id: '1d0eb1c47f9afd60d73498781587c8a5') in 0.025014 seconds 
========================================================================
Received Prepare
Registering precompiled user dll's ...
Registered in 0.003533 seconds.
Begin MonoManager ReloadAssembly
Native extension for WindowsStandalone target not found
Refreshing native plugins compatible for Editor in 0.91 ms, found 2 plugins.
Preloading 0 native plugins for Editor in 0.00 ms.
Mono: successfully reloaded assembly
- Completed reload, in  1.095 seconds
Domain Reload Profiling:
	ReloadAssembly (1096ms)
		BeginReloadAssembly (118ms)
			ExecutionOrderSort (0ms)
			DisableScriptedObjects (5ms)
			BackupInstance (0ms)
			ReleaseScriptingObjects (0ms)
			CreateAndSetChildDomain (39ms)
		EndReloadAssembly (927ms)
			LoadAssemblies (90ms)
			RebuildTransferFunctionScriptingTraits (0ms)
			SetupTypeCache (284ms)
			ReleaseScriptCaches (2ms)
			RebuildScriptCaches (48ms)
			SetupLoadedEditorAssemblies (342ms)
				LogAssemblyErrors (0ms)
				InitializePlatformSupportModulesInManaged (3ms)
				SetLoadedEditorAssemblies (0ms)
				RefreshPlugins (1ms)
				BeforeProcessingInitializeOnLoad (81ms)
				ProcessInitializeOnLoadAttributes (238ms)
				ProcessInitializeOnLoadMethodAttributes (11ms)
				AfterProcessingInitializeOnLoad (6ms)
				EditorAssembliesLoaded (0ms)
			ExecutionOrderSort2 (0ms)
			AwakeInstancesAfterBackupRestoration (19ms)
Platform modules already initialized, skipping
Refreshing native plugins compatible for Editor in 1.04 ms, found 2 plugins.
Preloading 0 native plugins for Editor in 0.00 ms.
Unloading 3983 Unused Serialized files (Serialized files now loaded: 0)
System memory in use before: 203.8 MB.
System memory in use after: 204.1 MB.

Unloading 14 unused Assets to reduce memory usage. Loaded Objects now: 5219.
Total: 4.829000 ms (FindLiveObjects: 0.424500 ms CreateObjectMapping: 0.288700 ms MarkObjects: 4.085800 ms  DeleteObjects: 0.028800 ms)

AssetImportParameters requested are different than current active one (requested -> active):
  custom:framework-win-MediaFoundation: 216162199b28c13a410421893ffa2e32 -> 
  custom:video-decoder-ogg-theora: a1e56fd34408186e4bbccfd4996cb3dc -> 
  custom:container-muxer-webm: aa71ff27fc2769a1b78a27578f13a17b -> 
  custom:container-demuxer-webm: 4f35f7cbe854078d1ac9338744f61a02 -> 
  custom:container-demuxer-ogg: 62fdf1f143b41e24485cea50d1cbac27 -> 
  custom:video-encoder-webm-vp8: eb34c28f22e8b96e1ab97ce403110664 -> 
  custom:video-codec-MediaFoundation-h265: 746d11721c4dcdbdad8f713fa42b33f4 -> 
  custom:video-decoder-webm-vp8: 9c59270c3fd7afecdb556c50c9e8de78 -> 
  custom:audio-decoder-ogg-vorbis: bf7c407c2cedff20999df2af8eb42d56 -> 
  custom:audio-encoder-webm-vorbis: bf7c407c2cedff20999df2af8eb42d56 -> 
AssetImportWorkerClient::OnTransportError - code=2 error=End of file
